\BOOKMARK [1][-]{section.1}{\376\377\000C\000o\000n\000t\000e\000x\000t}{}% 1
\BOOKMARK [2][-]{subsection.1.1}{\376\377\000I\000n\000t\000r\000o\000d\000u\000c\000t\000i\000o\000n}{section.1}% 2
\BOOKMARK [2][-]{subsection.1.2}{\376\377\000S\000t\000a\000k\000e\000h\000o\000l\000d\000e\000r\000s}{section.1}% 3
\BOOKMARK [2][-]{subsection.1.3}{\376\377\000T\000h\000e\000o\000r\000e\000t\000i\000c\000a\000l\000\040\000c\000o\000n\000c\000e\000p\000t\000s}{section.1}% 4
\BOOKMARK [3][-]{subsubsection.1.3.1}{\376\377\000Q\000u\000a\000n\000t\000u\000m\000\040\000m\000e\000c\000h\000a\000n\000i\000c\000s}{subsection.1.3}% 5
\BOOKMARK [3][-]{subsubsection.1.3.2}{\376\377\000S\000c\000h\000r\000\366\000d\000i\000n\000g\000e\000r\000\040\000e\000q\000u\000a\000t\000i\000o\000n}{subsection.1.3}% 6
\BOOKMARK [3][-]{subsubsection.1.3.3}{\376\377\000B\000o\000s\000e\040\023\000E\000i\000n\000s\000t\000e\000i\000n\000\040\000c\000o\000n\000d\000e\000n\000s\000a\000t\000e\000\040\000a\000n\000d\000\040\000G\000r\000o\000s\000s\040\023\000P\000i\000t\000a\000e\000v\000s\000k\000i\000i\000\040\000e\000q\000u\000a\000t\000i\000o\000n}{subsection.1.3}% 7
\BOOKMARK [3][-]{subsubsection.1.3.4}{\376\377\000F\000r\000a\000c\000t\000a\000l\000s}{subsection.1.3}% 8
\BOOKMARK [3][-]{subsubsection.1.3.5}{\376\377\000S\000i\000e\000r\000p\000i\001\104\000s\000k\000i\000\040\000c\000a\000r\000p\000e\000t}{subsection.1.3}% 9
\BOOKMARK [1][-]{section.2}{\376\377\000J\000u\000s\000t\000i\000f\000i\000c\000a\000t\000i\000o\000n}{}% 10
\BOOKMARK [1][-]{section.3}{\376\377\000O\000b\000j\000e\000c\000t\000i\000v\000e\000s}{}% 11
\BOOKMARK [1][-]{section.4}{\376\377\000S\000c\000o\000p\000e}{}% 12
\BOOKMARK [1][-]{section.5}{\376\377\000P\000o\000t\000e\000n\000t\000i\000a\000l\000\040\000o\000b\000s\000t\000a\000c\000l\000e\000s\000\040\000a\000n\000d\000\040\000r\000i\000s\000k\000s}{}% 13
\BOOKMARK [1][-]{section.6}{\376\377\000H\000o\000w\000\040\000t\000h\000e\000\040\000p\000r\000o\000j\000e\000c\000t\000\040\000w\000i\000l\000l\000\040\000b\000e\000\040\000d\000e\000v\000e\000l\000o\000p\000e\000d}{}% 14
\BOOKMARK [2][-]{subsection.6.1}{\376\377\000M\000e\000t\000h\000o\000d\000o\000l\000o\000g\000y\000\040\000a\000n\000d\000\040\000r\000i\000g\000o\000u\000r}{section.6}% 15
\BOOKMARK [1][-]{section.7}{\376\377\000P\000r\000o\000j\000e\000c\000t\000\040\000p\000h\000a\000s\000e\000s}{}% 16
\BOOKMARK [1][-]{section.8}{\376\377\000T\000a\000s\000k\000s\000\040\000d\000e\000s\000c\000r\000i\000p\000t\000i\000o\000n}{}% 17
\BOOKMARK [2][-]{subsection.8.1}{\376\377\000P\000r\000o\000j\000e\000c\000t\000\040\000m\000a\000n\000a\000g\000e\000m\000e\000n\000t}{section.8}% 18
\BOOKMARK [2][-]{subsection.8.2}{\376\377\000E\000x\000a\000c\000t\000\040\000d\000i\000a\000g\000o\000n\000a\000l\000i\000z\000a\000t\000i\000o\000n}{section.8}% 19
\BOOKMARK [2][-]{subsection.8.3}{\376\377\000R\000a\000n\000d\000o\000m\000\040\000w\000a\000l\000k\000s}{section.8}% 20
\BOOKMARK [2][-]{subsection.8.4}{\376\377\000G\000r\000o\000s\000s\000-\000P\000i\000t\000a\000e\000v\000s\000k\000i\000i\000\040\000e\000q\000u\000a\000t\000i\000o\000n}{section.8}% 21
\BOOKMARK [1][-]{section.9}{\376\377\000T\000a\000s\000k\000\040\000d\000e\000p\000e\000n\000d\000e\000n\000c\000i\000e\000s}{}% 22
\BOOKMARK [1][-]{section.10}{\376\377\000E\000s\000t\000i\000m\000a\000t\000i\000o\000n\000s\000\040\000a\000n\000d\000\040\000G\000a\000n\000t\000t}{}% 23
\BOOKMARK [1][-]{section.11}{\376\377\000R\000i\000s\000k\000\040\000m\000a\000n\000a\000g\000e\000m\000e\000n\000t\000:\000\040\000A\000l\000t\000e\000r\000n\000a\000t\000i\000v\000e\000\040\000p\000l\000a\000n\000s\000\040\000a\000n\000d\000\040\000o\000b\000s\000t\000a\000c\000l\000e\000s}{}% 24
\BOOKMARK [1][-]{section.12}{\376\377\000B\000u\000d\000g\000e\000t}{}% 25
\BOOKMARK [2][-]{subsection.12.1}{\376\377\000I\000d\000e\000n\000t\000i\000f\000i\000c\000a\000t\000i\000o\000n\000\040\000o\000f\000\040\000c\000o\000s\000t\000s}{section.12}% 26
\BOOKMARK [3][-]{subsubsection.12.1.1}{\376\377\000T\000h\000e\000s\000i\000s\000\040\000s\000u\000p\000e\000r\000v\000i\000s\000o\000r}{subsection.12.1}% 27
\BOOKMARK [3][-]{subsubsection.12.1.2}{\376\377\000D\000e\000v\000e\000l\000o\000p\000m\000e\000n\000t}{subsection.12.1}% 28
\BOOKMARK [3][-]{subsubsection.12.1.3}{\376\377\000S\000e\000r\000v\000e\000r}{subsection.12.1}% 29
\BOOKMARK [2][-]{subsection.12.2}{\376\377\000C\000o\000s\000t\000\040\000e\000s\000t\000i\000m\000a\000t\000e\000s}{section.12}% 30
\BOOKMARK [2][-]{subsection.12.3}{\376\377\000M\000a\000n\000a\000g\000e\000m\000e\000n\000t\000\040\000c\000o\000n\000t\000r\000o\000l\000\040\000a\000n\000d\000\040\000c\000o\000n\000t\000i\000n\000g\000e\000n\000c\000y\000\040\000p\000l\000a\000n}{section.12}% 31
\BOOKMARK [1][-]{section.13}{\376\377\000S\000u\000s\000t\000a\000i\000n\000a\000b\000i\000l\000i\000t\000y}{}% 32
\BOOKMARK [2][-]{subsection.13.1}{\376\377\000R\000e\000f\000l\000e\000c\000t\000i\000o\000n}{section.13}% 33
\BOOKMARK [2][-]{subsection.13.2}{\376\377\000E\000c\000o\000n\000o\000m\000i\000c\000\040\000d\000i\000m\000e\000n\000s\000i\000o\000n}{section.13}% 34
\BOOKMARK [2][-]{subsection.13.3}{\376\377\000S\000o\000c\000i\000a\000l\000\040\000d\000i\000m\000e\000n\000s\000i\000o\000n}{section.13}% 35
\BOOKMARK [2][-]{subsection.13.4}{\376\377\000A\000m\000b\000i\000e\000n\000t\000a\000l\000\040\000d\000i\000m\000e\000n\000s\000i\000o\000n}{section.13}% 36
\BOOKMARK [1][-]{subsection.13.4}{\376\377\000R\000e\000f\000e\000r\000e\000n\000c\000e\000s}{}% 37
